C:\USERS\GOTO\DOCUMENTS\VISUAL STUDIO 2012\PROJECTS\LBM\LBM\DEBUG\LBM_UTIL.OBJ
C:\USERS\GOTO\DOCUMENTS\VISUAL STUDIO 2012\PROJECTS\LBM\LBM\DEBUG\VC110.PDB
C:\USERS\GOTO\DOCUMENTS\VISUAL STUDIO 2012\PROJECTS\LBM\DEBUG\LBM.ILK
C:\USERS\GOTO\DOCUMENTS\VISUAL STUDIO 2012\PROJECTS\LBM\DEBUG\LBM.EXE
C:\USERS\GOTO\DOCUMENTS\VISUAL STUDIO 2012\PROJECTS\LBM\DEBUG\LBM.PDB
c:\Users\Goto\documents\visual studio 2012\Projects\LBM\LBM\Debug\kernel.cu.cache
c:\Users\Goto\documents\visual studio 2012\Projects\LBM\LBM\Debug\lbm_kernels.cu.cache
c:\Users\Goto\documents\visual studio 2012\Projects\LBM\LBM\Debug\kernel.cu.obj
c:\Users\Goto\documents\visual studio 2012\Projects\LBM\LBM\Debug\lbm_kernels.cu.obj
c:\Users\Goto\documents\visual studio 2012\Projects\LBM\LBM\Debug\lbm_util.obj
c:\Users\Goto\documents\visual studio 2012\Projects\LBM\LBM\Debug\cl.command.1.tlog
c:\Users\Goto\documents\visual studio 2012\Projects\LBM\LBM\Debug\CL.read.1.tlog
c:\Users\Goto\documents\visual studio 2012\Projects\LBM\LBM\Debug\CL.write.1.tlog
c:\Users\Goto\documents\visual studio 2012\Projects\LBM\LBM\Debug\link-cvtres.read.1.tlog
c:\Users\Goto\documents\visual studio 2012\Projects\LBM\LBM\Debug\link-cvtres.write.1.tlog
c:\Users\Goto\documents\visual studio 2012\Projects\LBM\LBM\Debug\link-rc.read.1.tlog
c:\Users\Goto\documents\visual studio 2012\Projects\LBM\LBM\Debug\link-rc.write.1.tlog
c:\Users\Goto\documents\visual studio 2012\Projects\LBM\LBM\Debug\link.command.1.tlog
c:\Users\Goto\documents\visual studio 2012\Projects\LBM\LBM\Debug\link.read.1.tlog
c:\Users\Goto\documents\visual studio 2012\Projects\LBM\LBM\Debug\link.write.1.tlog
c:\Users\Goto\documents\visual studio 2012\Projects\LBM\LBM\Debug\vc110.idb
c:\Users\Goto\documents\visual studio 2012\Projects\LBM\LBM\Debug\vc110.pdb
c:\Users\Goto\documents\visual studio 2012\Projects\LBM\Debug\LBM.pdb
c:\Users\Goto\documents\visual studio 2012\Projects\LBM\Debug\LBM.exe
c:\Users\Goto\documents\visual studio 2012\Projects\LBM\Debug\LBM.ilk
